  [1m[35m (4.6ms)[0m  [1m[34mSELECT sqlite_version(*)[0m
  [1m[35m (1.1ms)[0m  [1m[35mCREATE TABLE "schema_migrations" ("version" varchar NOT NULL PRIMARY KEY)[0m
  [1m[35m (0.8ms)[0m  [1m[35mCREATE TABLE "ar_internal_metadata" ("key" varchar NOT NULL PRIMARY KEY, "value" varchar, "created_at" datetime(6) NOT NULL, "updated_at" datetime(6) NOT NULL)[0m
  [1m[35m (0.1ms)[0m  [1m[34mSELECT "schema_migrations"."version" FROM "schema_migrations" ORDER BY "schema_migrations"."version" ASC[0m
Migrating to CreateMeditations (20210526212538)
  [1m[36mTRANSACTION (0.0ms)[0m  [1m[36mbegin transaction[0m
  [1m[35m (0.3ms)[0m  [1m[35mCREATE TABLE "meditations" ("id" integer PRIMARY KEY AUTOINCREMENT NOT NULL, "audio" varchar, "created_at" datetime(6) NOT NULL, "updated_at" datetime(6) NOT NULL)[0m
  [1m[36mActiveRecord::SchemaMigration Create (0.1ms)[0m  [1m[32mINSERT INTO "schema_migrations" ("version") VALUES (?)[0m  [["version", "20210526212538"]]
  [1m[36mTRANSACTION (0.7ms)[0m  [1m[36mcommit transaction[0m
Migrating to CreateComments (20210526213314)
  [1m[36mTRANSACTION (0.0ms)[0m  [1m[36mbegin transaction[0m
  [1m[35m (0.2ms)[0m  [1m[35mCREATE TABLE "comments" ("id" integer PRIMARY KEY AUTOINCREMENT NOT NULL, "content" text, "created_at" datetime(6) NOT NULL, "updated_at" datetime(6) NOT NULL)[0m
  [1m[36mActiveRecord::SchemaMigration Create (0.1ms)[0m  [1m[32mINSERT INTO "schema_migrations" ("version") VALUES (?)[0m  [["version", "20210526213314"]]
  [1m[36mTRANSACTION (0.5ms)[0m  [1m[36mcommit transaction[0m
  [1m[36mActiveRecord::InternalMetadata Load (0.1ms)[0m  [1m[34mSELECT "ar_internal_metadata".* FROM "ar_internal_metadata" WHERE "ar_internal_metadata"."key" = ? LIMIT ?[0m  [["key", "environment"], ["LIMIT", 1]]
  [1m[36mTRANSACTION (0.0ms)[0m  [1m[36mbegin transaction[0m
  [1m[36mActiveRecord::InternalMetadata Create (0.2ms)[0m  [1m[32mINSERT INTO "ar_internal_metadata" ("key", "value", "created_at", "updated_at") VALUES (?, ?, ?, ?)[0m  [["key", "environment"], ["value", "development"], ["created_at", "2021-05-26 21:33:25.430686"], ["updated_at", "2021-05-26 21:33:25.430686"]]
  [1m[36mTRANSACTION (0.7ms)[0m  [1m[36mcommit transaction[0m
  [1m[35m (0.0ms)[0m  [1m[34mSELECT sqlite_version(*)[0m
  [1m[35m (0.0ms)[0m  [1m[34mSELECT "schema_migrations"."version" FROM "schema_migrations" ORDER BY "schema_migrations"."version" ASC[0m
  [1m[35m (2.4ms)[0m  [1m[34mSELECT sqlite_version(*)[0m
  [1m[35m (0.1ms)[0m  [1m[34mSELECT "schema_migrations"."version" FROM "schema_migrations" ORDER BY "schema_migrations"."version" ASC[0m
Migrating to AddMeditationIdToComments (20210527140228)
  [1m[36mTRANSACTION (0.0ms)[0m  [1m[36mbegin transaction[0m
  [1m[35m (0.3ms)[0m  [1m[35mALTER TABLE "comments" ADD "meditation_id" references[0m
  [1m[36mTRANSACTION (0.0ms)[0m  [1m[31mrollback transaction[0m
  [1m[35m (1.7ms)[0m  [1m[34mSELECT sqlite_version(*)[0m
  [1m[35m (0.1ms)[0m  [1m[34mSELECT "schema_migrations"."version" FROM "schema_migrations" ORDER BY "schema_migrations"."version" ASC[0m
Migrating to AddMeditationIdToComments (20210527140228)
  [1m[36mTRANSACTION (0.0ms)[0m  [1m[36mbegin transaction[0m
  [1m[35m (0.0ms)[0m  [1m[35mPRAGMA foreign_keys[0m
  [1m[35m (0.0ms)[0m  [1m[35mPRAGMA defer_foreign_keys[0m
  [1m[35m (0.0ms)[0m  [1m[35mPRAGMA defer_foreign_keys = ON[0m
  [1m[35m (0.0ms)[0m  [1m[35mPRAGMA foreign_keys = OFF[0m
  [1m[35m (1.2ms)[0m  [1m[35mCREATE TEMPORARY TABLE "acomments" ("id" integer NOT NULL PRIMARY KEY, "content" text DEFAULT NULL, "created_at" datetime(6) NOT NULL, "updated_at" datetime(6) NOT NULL)[0m
  [1m[35m (0.2ms)[0m  [1m[32mINSERT INTO "acomments" ("id","content","created_at","updated_at")
                     SELECT "id","content","created_at","updated_at" FROM "comments"[0m
  [1m[35m (0.3ms)[0m  [1m[35mDROP TABLE "comments"[0m
  [1m[35m (1.0ms)[0m  [1m[35mCREATE TABLE "comments" ("id" integer NOT NULL PRIMARY KEY, "content" text DEFAULT NULL, "created_at" datetime(6) NOT NULL, "updated_at" datetime(6) NOT NULL, CONSTRAINT "fk_rails_509522b747"
FOREIGN KEY ("meditation_id")
  REFERENCES "meditation" ("id")
 ON DELETE CASCADE)[0m
  [1m[35m (0.2ms)[0m  [1m[35mPRAGMA defer_foreign_keys = 0[0m
  [1m[35m (0.0ms)[0m  [1m[35mPRAGMA foreign_keys = 1[0m
  [1m[36mTRANSACTION (0.3ms)[0m  [1m[31mrollback transaction[0m
  [1m[35m (1.3ms)[0m  [1m[34mSELECT sqlite_version(*)[0m
  [1m[35m (0.1ms)[0m  [1m[34mSELECT "schema_migrations"."version" FROM "schema_migrations" ORDER BY "schema_migrations"."version" ASC[0m
Migrating to AddMeditationIdToComments (20210527140228)
  [1m[36mTRANSACTION (0.0ms)[0m  [1m[36mbegin transaction[0m
  [1m[35m (0.0ms)[0m  [1m[35mPRAGMA foreign_keys[0m
  [1m[35m (0.0ms)[0m  [1m[35mPRAGMA defer_foreign_keys[0m
  [1m[35m (0.0ms)[0m  [1m[35mPRAGMA defer_foreign_keys = ON[0m
  [1m[35m (0.0ms)[0m  [1m[35mPRAGMA foreign_keys = OFF[0m
  [1m[35m (0.6ms)[0m  [1m[35mCREATE TEMPORARY TABLE "acomments" ("id" integer NOT NULL PRIMARY KEY, "content" text DEFAULT NULL, "created_at" datetime(6) NOT NULL, "updated_at" datetime(6) NOT NULL)[0m
  [1m[35m (0.2ms)[0m  [1m[32mINSERT INTO "acomments" ("id","content","created_at","updated_at")
                     SELECT "id","content","created_at","updated_at" FROM "comments"[0m
  [1m[35m (0.3ms)[0m  [1m[35mDROP TABLE "comments"[0m
  [1m[35m (0.4ms)[0m  [1m[35mCREATE TABLE "comments" ("id" integer NOT NULL PRIMARY KEY, "content" text DEFAULT NULL, "created_at" datetime(6) NOT NULL, "updated_at" datetime(6) NOT NULL, CONSTRAINT "fk_rails_509522b747"
FOREIGN KEY ("meditation_id")
  REFERENCES "meditations" ("id")
 ON DELETE CASCADE)[0m
  [1m[35m (0.0ms)[0m  [1m[35mPRAGMA defer_foreign_keys = 0[0m
  [1m[35m (0.0ms)[0m  [1m[35mPRAGMA foreign_keys = 1[0m
  [1m[36mTRANSACTION (0.2ms)[0m  [1m[31mrollback transaction[0m
  [1m[35m (1.2ms)[0m  [1m[34mSELECT sqlite_version(*)[0m
  [1m[35m (0.1ms)[0m  [1m[34mSELECT "schema_migrations"."version" FROM "schema_migrations" ORDER BY "schema_migrations"."version" ASC[0m
Migrating to AddMeditationIdToComments (20210527140228)
  [1m[36mTRANSACTION (0.0ms)[0m  [1m[36mbegin transaction[0m
  [1m[35m (0.8ms)[0m  [1m[35mALTER TABLE "comments" ADD "meditation_id" integer[0m
  [1m[35m (0.3ms)[0m  [1m[35mCREATE INDEX "index_comments_on_meditation_id" ON "comments" ("meditation_id")[0m
  [1m[36mActiveRecord::SchemaMigration Create (3.1ms)[0m  [1m[32mINSERT INTO "schema_migrations" ("version") VALUES (?)[0m  [["version", "20210527140228"]]
  [1m[36mTRANSACTION (1.2ms)[0m  [1m[36mcommit transaction[0m
  [1m[36mActiveRecord::InternalMetadata Load (0.2ms)[0m  [1m[34mSELECT "ar_internal_metadata".* FROM "ar_internal_metadata" WHERE "ar_internal_metadata"."key" = ? LIMIT ?[0m  [["key", "environment"], ["LIMIT", 1]]
  [1m[35m (0.0ms)[0m  [1m[34mSELECT sqlite_version(*)[0m
  [1m[35m (0.1ms)[0m  [1m[34mSELECT "schema_migrations"."version" FROM "schema_migrations" ORDER BY "schema_migrations"."version" ASC[0m
  [1m[35m (1.4ms)[0m  [1m[34mSELECT sqlite_version(*)[0m
  [1m[35m (0.1ms)[0m  [1m[34mSELECT "schema_migrations"."version" FROM "schema_migrations" ORDER BY "schema_migrations"."version" ASC[0m
Migrating to AddAuthorAndTitleToMeditations (20210527181207)
  [1m[36mTRANSACTION (0.0ms)[0m  [1m[36mbegin transaction[0m
  [1m[35m (0.6ms)[0m  [1m[35mALTER TABLE "meditations" ADD "title" varchar[0m
  [1m[35m (0.1ms)[0m  [1m[35mALTER TABLE "meditations" ADD "author" varchar[0m
  [1m[36mActiveRecord::SchemaMigration Create (0.1ms)[0m  [1m[32mINSERT INTO "schema_migrations" ("version") VALUES (?)[0m  [["version", "20210527181207"]]
  [1m[36mTRANSACTION (0.7ms)[0m  [1m[36mcommit transaction[0m
  [1m[36mActiveRecord::InternalMetadata Load (0.1ms)[0m  [1m[34mSELECT "ar_internal_metadata".* FROM "ar_internal_metadata" WHERE "ar_internal_metadata"."key" = ? LIMIT ?[0m  [["key", "environment"], ["LIMIT", 1]]
  [1m[35m (0.0ms)[0m  [1m[34mSELECT sqlite_version(*)[0m
  [1m[35m (0.1ms)[0m  [1m[34mSELECT "schema_migrations"."version" FROM "schema_migrations" ORDER BY "schema_migrations"."version" ASC[0m
  [1m[35m (5.6ms)[0m  [1m[34mSELECT sqlite_version(*)[0m
  [1m[35m (0.2ms)[0m  [1m[34mSELECT "schema_migrations"."version" FROM "schema_migrations" ORDER BY "schema_migrations"."version" ASC[0m
Migrating to CreateActiveStorageTables (20210527191906)
  [1m[36mTRANSACTION (0.1ms)[0m  [1m[36mbegin transaction[0m
  [1m[35m (0.9ms)[0m  [1m[35mCREATE TABLE "active_storage_blobs" ("id" integer PRIMARY KEY AUTOINCREMENT NOT NULL, "key" varchar NOT NULL, "filename" varchar NOT NULL, "content_type" varchar, "metadata" text, "service_name" varchar NOT NULL, "byte_size" bigint NOT NULL, "checksum" varchar NOT NULL, "created_at" datetime NOT NULL)[0m
  [1m[35m (0.2ms)[0m  [1m[35mCREATE UNIQUE INDEX "index_active_storage_blobs_on_key" ON "active_storage_blobs" ("key")[0m
  [1m[35m (0.2ms)[0m  [1m[35mCREATE TABLE "active_storage_attachments" ("id" integer PRIMARY KEY AUTOINCREMENT NOT NULL, "name" varchar NOT NULL, "record_type" varchar NOT NULL, "record_id" integer NOT NULL, "blob_id" integer NOT NULL, "created_at" datetime NOT NULL, CONSTRAINT "fk_rails_c3b3935057"
FOREIGN KEY ("blob_id")
  REFERENCES "active_storage_blobs" ("id")
)[0m
  [1m[35m (0.1ms)[0m  [1m[35mCREATE INDEX "index_active_storage_attachments_on_blob_id" ON "active_storage_attachments" ("blob_id")[0m
  [1m[35m (0.1ms)[0m  [1m[35mCREATE UNIQUE INDEX "index_active_storage_attachments_uniqueness" ON "active_storage_attachments" ("record_type", "record_id", "name", "blob_id")[0m
  [1m[35m (0.1ms)[0m  [1m[35mCREATE TABLE "active_storage_variant_records" ("id" integer PRIMARY KEY AUTOINCREMENT NOT NULL, "blob_id" integer NOT NULL, "variation_digest" varchar NOT NULL, CONSTRAINT "fk_rails_993965df05"
FOREIGN KEY ("blob_id")
  REFERENCES "active_storage_blobs" ("id")
)[0m
  [1m[35m (0.1ms)[0m  [1m[35mCREATE UNIQUE INDEX "index_active_storage_variant_records_uniqueness" ON "active_storage_variant_records" ("blob_id", "variation_digest")[0m
  [1m[36mActiveRecord::SchemaMigration Create (0.1ms)[0m  [1m[32mINSERT INTO "schema_migrations" ("version") VALUES (?)[0m  [["version", "20210527191906"]]
  [1m[36mTRANSACTION (1.2ms)[0m  [1m[36mcommit transaction[0m
  [1m[36mActiveRecord::InternalMetadata Load (0.3ms)[0m  [1m[34mSELECT "ar_internal_metadata".* FROM "ar_internal_metadata" WHERE "ar_internal_metadata"."key" = ? LIMIT ?[0m  [["key", "environment"], ["LIMIT", 1]]
  [1m[35m (0.0ms)[0m  [1m[34mSELECT sqlite_version(*)[0m
  [1m[35m (0.0ms)[0m  [1m[34mSELECT "schema_migrations"."version" FROM "schema_migrations" ORDER BY "schema_migrations"."version" ASC[0m
  [1m[35m (5.5ms)[0m  [1m[34mSELECT sqlite_version(*)[0m
  [1m[35m (0.1ms)[0m  [1m[34mSELECT "schema_migrations"."version" FROM "schema_migrations" ORDER BY "schema_migrations"."version" ASC[0m
Migrating to AddTextToMeditation (20210603013142)
  [1m[35m (1.2ms)[0m  [1m[34mSELECT sqlite_version(*)[0m
  [1m[35m (0.1ms)[0m  [1m[34mSELECT "schema_migrations"."version" FROM "schema_migrations" ORDER BY "schema_migrations"."version" ASC[0m
Migrating to AddTextToMeditation (20210603013142)
  [1m[36mTRANSACTION (0.0ms)[0m  [1m[36mbegin transaction[0m
  [1m[35m (1.8ms)[0m  [1m[35mALTER TABLE "meditations" ADD "text" text[0m
  [1m[36mActiveRecord::SchemaMigration Create (0.2ms)[0m  [1m[32mINSERT INTO "schema_migrations" ("version") VALUES (?)[0m  [["version", "20210603013142"]]
  [1m[36mTRANSACTION (0.8ms)[0m  [1m[36mcommit transaction[0m
  [1m[36mActiveRecord::InternalMetadata Load (0.3ms)[0m  [1m[34mSELECT "ar_internal_metadata".* FROM "ar_internal_metadata" WHERE "ar_internal_metadata"."key" = ? LIMIT ?[0m  [["key", "environment"], ["LIMIT", 1]]
  [1m[35m (0.0ms)[0m  [1m[34mSELECT sqlite_version(*)[0m
  [1m[35m (0.1ms)[0m  [1m[34mSELECT "schema_migrations"."version" FROM "schema_migrations" ORDER BY "schema_migrations"."version" ASC[0m
Started POST "/meditations" for ::1 at 2021-06-03 09:39:03 -0400
  [1m[35m (4.1ms)[0m  [1m[34mSELECT sqlite_version(*)[0m
  [1m[35m (0.1ms)[0m  [1m[34mSELECT "schema_migrations"."version" FROM "schema_migrations" ORDER BY "schema_migrations"."version" ASC[0m
  
SyntaxError (/Users/kraewind/Documents/Flatiron/Phase 4/breathe/backend/app/controllers/meditations_controller.rb:46: syntax error, unexpected end-of-input, expecting end):
  
app/controllers/meditations_controller.rb:46: syntax error, unexpected end-of-input, expecting end
app/controllers/meditations_controller.rb:46: syntax error, unexpected end-of-input, expecting end
Started POST "/meditations" for ::1 at 2021-06-03 09:39:37 -0400
  
SyntaxError (/Users/kraewind/Documents/Flatiron/Phase 4/breathe/backend/app/controllers/meditations_controller.rb:46: syntax error, unexpected end-of-input, expecting end):
  
app/controllers/meditations_controller.rb:46: syntax error, unexpected end-of-input, expecting end
app/controllers/meditations_controller.rb:46: syntax error, unexpected end-of-input, expecting end
Started POST "/meditations" for ::1 at 2021-06-03 09:45:08 -0400
  
SyntaxError (/Users/kraewind/Documents/Flatiron/Phase 4/breathe/backend/app/controllers/meditations_controller.rb:46: syntax error, unexpected end-of-input, expecting end):
  
app/controllers/meditations_controller.rb:46: syntax error, unexpected end-of-input, expecting end
app/controllers/meditations_controller.rb:46: syntax error, unexpected end-of-input, expecting end
Started POST "/meditations" for ::1 at 2021-06-03 09:46:03 -0400
  
SyntaxError (/Users/kraewind/Documents/Flatiron/Phase 4/breathe/backend/app/controllers/meditations_controller.rb:47: syntax error, unexpected end-of-input, expecting end):
  
app/controllers/meditations_controller.rb:47: syntax error, unexpected end-of-input, expecting end
app/controllers/meditations_controller.rb:47: syntax error, unexpected end-of-input, expecting end
Started POST "/meditations" for ::1 at 2021-06-03 09:49:20 -0400
  
SyntaxError (/Users/kraewind/Documents/Flatiron/Phase 4/breathe/backend/app/controllers/meditations_controller.rb:47: syntax error, unexpected end-of-input, expecting end):
  
app/controllers/meditations_controller.rb:47: syntax error, unexpected end-of-input, expecting end
app/controllers/meditations_controller.rb:47: syntax error, unexpected end-of-input, expecting end
Started POST "/meditations" for ::1 at 2021-06-03 09:53:46 -0400
  [1m[35m (1.1ms)[0m  [1m[34mSELECT sqlite_version(*)[0m
  [1m[35m (0.1ms)[0m  [1m[34mSELECT "schema_migrations"."version" FROM "schema_migrations" ORDER BY "schema_migrations"."version" ASC[0m
  
SyntaxError (/Users/kraewind/Documents/Flatiron/Phase 4/breathe/backend/app/controllers/meditations_controller.rb:47: syntax error, unexpected end-of-input, expecting end):
  
app/controllers/meditations_controller.rb:47: syntax error, unexpected end-of-input, expecting end
app/controllers/meditations_controller.rb:47: syntax error, unexpected end-of-input, expecting end
Started POST "/meditations" for ::1 at 2021-06-03 09:55:36 -0400
  
SyntaxError (/Users/kraewind/Documents/Flatiron/Phase 4/breathe/backend/app/controllers/meditations_controller.rb:47: syntax error, unexpected end-of-input, expecting end):
  
app/controllers/meditations_controller.rb:47: syntax error, unexpected end-of-input, expecting end
app/controllers/meditations_controller.rb:47: syntax error, unexpected end-of-input, expecting end
Started POST "/meditations" for ::1 at 2021-06-03 09:56:42 -0400
  
SyntaxError (/Users/kraewind/Documents/Flatiron/Phase 4/breathe/backend/app/controllers/meditations_controller.rb:47: syntax error, unexpected end-of-input, expecting end):
  
app/controllers/meditations_controller.rb:47: syntax error, unexpected end-of-input, expecting end
app/controllers/meditations_controller.rb:47: syntax error, unexpected end-of-input, expecting end
Started POST "/meditations" for ::1 at 2021-06-03 10:36:40 -0400
  [1m[35m (1.4ms)[0m  [1m[34mSELECT sqlite_version(*)[0m
  [1m[35m (0.1ms)[0m  [1m[34mSELECT "schema_migrations"."version" FROM "schema_migrations" ORDER BY "schema_migrations"."version" ASC[0m
  
SyntaxError (/Users/kraewind/Documents/Flatiron/Phase 4/breathe/backend/app/controllers/meditations_controller.rb:47: syntax error, unexpected end-of-input, expecting end):
  
app/controllers/meditations_controller.rb:47: syntax error, unexpected end-of-input, expecting end
app/controllers/meditations_controller.rb:47: syntax error, unexpected end-of-input, expecting end
Started POST "/meditations" for ::1 at 2021-06-03 10:37:19 -0400
  
SyntaxError (/Users/kraewind/Documents/Flatiron/Phase 4/breathe/backend/app/controllers/meditations_controller.rb:47: syntax error, unexpected end-of-input, expecting end):
  
app/controllers/meditations_controller.rb:47: syntax error, unexpected end-of-input, expecting end
app/controllers/meditations_controller.rb:47: syntax error, unexpected end-of-input, expecting end
Started POST "/meditations" for ::1 at 2021-06-03 10:37:20 -0400
  
SyntaxError (/Users/kraewind/Documents/Flatiron/Phase 4/breathe/backend/app/controllers/meditations_controller.rb:47: syntax error, unexpected end-of-input, expecting end):
  
app/controllers/meditations_controller.rb:47: syntax error, unexpected end-of-input, expecting end
app/controllers/meditations_controller.rb:47: syntax error, unexpected end-of-input, expecting end
Started POST "/meditations" for ::1 at 2021-06-03 10:38:06 -0400
  [1m[35m (0.9ms)[0m  [1m[34mSELECT sqlite_version(*)[0m
  [1m[35m (0.2ms)[0m  [1m[34mSELECT "schema_migrations"."version" FROM "schema_migrations" ORDER BY "schema_migrations"."version" ASC[0m
  
SyntaxError (/Users/kraewind/Documents/Flatiron/Phase 4/breathe/backend/app/controllers/meditations_controller.rb:45: syntax error, unexpected end-of-input, expecting end):
  
app/controllers/meditations_controller.rb:45: syntax error, unexpected end-of-input, expecting end
app/controllers/meditations_controller.rb:45: syntax error, unexpected end-of-input, expecting end
Started POST "/meditations" for ::1 at 2021-06-03 10:38:42 -0400
  [1m[35m (0.1ms)[0m  [1m[34mSELECT sqlite_version(*)[0m
Processing by MeditationsController#create as JSON
  Parameters: {"text"=>"f", "meditation"=>{"text"=>"f"}}
  [1m[36mTRANSACTION (0.1ms)[0m  [1m[36mbegin transaction[0m
  ↳ app/controllers/meditations_controller.rb:15:in `create'
  [1m[36mMeditation Create (2.9ms)[0m  [1m[32mINSERT INTO "meditations" ("created_at", "updated_at", "text") VALUES (?, ?, ?)[0m  [["created_at", "2021-06-03 14:38:55.749828"], ["updated_at", "2021-06-03 14:38:55.749828"], ["text", "f"]]
  ↳ app/controllers/meditations_controller.rb:15:in `create'
  [1m[36mTRANSACTION (1.3ms)[0m  [1m[36mcommit transaction[0m
  ↳ app/controllers/meditations_controller.rb:15:in `create'
Completed 200 OK in 12693ms (Views: 0.4ms | ActiveRecord: 5.4ms | Allocations: 74128)


Started POST "/meditations" for ::1 at 2021-06-03 10:40:06 -0400
  [1m[35m (0.1ms)[0m  [1m[34mSELECT sqlite_version(*)[0m
Processing by MeditationsController#create as JSON
  Parameters: {"text"=>"d", "meditation"=>{"text"=>"d"}}
  [1m[36mTRANSACTION (0.0ms)[0m  [1m[36mbegin transaction[0m
  ↳ app/controllers/meditations_controller.rb:14:in `create'
  [1m[36mMeditation Create (0.7ms)[0m  [1m[32mINSERT INTO "meditations" ("created_at", "updated_at", "text") VALUES (?, ?, ?)[0m  [["created_at", "2021-06-03 14:40:06.302404"], ["updated_at", "2021-06-03 14:40:06.302404"], ["text", "d"]]
  ↳ app/controllers/meditations_controller.rb:14:in `create'
  [1m[36mTRANSACTION (1.0ms)[0m  [1m[36mcommit transaction[0m
  ↳ app/controllers/meditations_controller.rb:14:in `create'
Completed 200 OK in 9ms (Views: 0.5ms | ActiveRecord: 2.5ms | Allocations: 5421)


Started POST "/meditations" for ::1 at 2021-06-03 10:40:36 -0400
Processing by MeditationsController#create as JSON
  Parameters: {"text"=>"c", "meditation"=>{"text"=>"c"}}
  [1m[36mTRANSACTION (0.1ms)[0m  [1m[36mbegin transaction[0m
  ↳ app/controllers/meditations_controller.rb:14:in `create'
  [1m[36mMeditation Create (0.8ms)[0m  [1m[32mINSERT INTO "meditations" ("created_at", "updated_at", "text") VALUES (?, ?, ?)[0m  [["created_at", "2021-06-03 14:40:36.056198"], ["updated_at", "2021-06-03 14:40:36.056198"], ["text", "c"]]
  ↳ app/controllers/meditations_controller.rb:14:in `create'
  [1m[36mTRANSACTION (4.1ms)[0m  [1m[36mcommit transaction[0m
  ↳ app/controllers/meditations_controller.rb:14:in `create'
Completed 200 OK in 13ms (Views: 0.7ms | ActiveRecord: 5.1ms | Allocations: 1926)


Started POST "/meditations" for ::1 at 2021-06-03 10:51:03 -0400
  [1m[35m (1.1ms)[0m  [1m[34mSELECT sqlite_version(*)[0m
  [1m[35m (0.1ms)[0m  [1m[34mSELECT "schema_migrations"."version" FROM "schema_migrations" ORDER BY "schema_migrations"."version" ASC[0m
Processing by MeditationsController#create as JSON
  Parameters: {"text"=>"test", "meditation"=>{"text"=>"test"}}
  [1m[36mTRANSACTION (0.0ms)[0m  [1m[36mbegin transaction[0m
  ↳ app/controllers/meditations_controller.rb:14:in `create'
  [1m[36mMeditation Create (0.7ms)[0m  [1m[32mINSERT INTO "meditations" ("created_at", "updated_at", "text") VALUES (?, ?, ?)[0m  [["created_at", "2021-06-03 14:51:03.952264"], ["updated_at", "2021-06-03 14:51:03.952264"], ["text", "test"]]
  ↳ app/controllers/meditations_controller.rb:14:in `create'
  [1m[36mTRANSACTION (0.9ms)[0m  [1m[36mcommit transaction[0m
  ↳ app/controllers/meditations_controller.rb:14:in `create'
Completed 200 OK in 22ms (Views: 0.4ms | ActiveRecord: 2.1ms | Allocations: 8959)


Started POST "/meditations" for ::1 at 2021-06-03 10:52:01 -0400
Processing by MeditationsController#create as JSON
  Parameters: {"text"=>"test", "meditation"=>{"text"=>"test"}}
  [1m[36mTRANSACTION (0.1ms)[0m  [1m[36mbegin transaction[0m
  ↳ app/controllers/meditations_controller.rb:14:in `create'
  [1m[36mMeditation Create (0.9ms)[0m  [1m[32mINSERT INTO "meditations" ("created_at", "updated_at", "text") VALUES (?, ?, ?)[0m  [["created_at", "2021-06-03 14:52:01.446870"], ["updated_at", "2021-06-03 14:52:01.446870"], ["text", "test"]]
  ↳ app/controllers/meditations_controller.rb:14:in `create'
  [1m[36mTRANSACTION (1.1ms)[0m  [1m[36mcommit transaction[0m
  ↳ app/controllers/meditations_controller.rb:14:in `create'
Completed 200 OK in 27ms (Views: 0.5ms | ActiveRecord: 2.1ms | Allocations: 1947)


Started POST "/meditations" for ::1 at 2021-06-03 10:52:02 -0400
Processing by MeditationsController#create as JSON
  Parameters: {"text"=>"test", "meditation"=>{"text"=>"test"}}
  [1m[36mTRANSACTION (0.2ms)[0m  [1m[36mbegin transaction[0m
  ↳ app/controllers/meditations_controller.rb:14:in `create'
  [1m[36mMeditation Create (1.1ms)[0m  [1m[32mINSERT INTO "meditations" ("created_at", "updated_at", "text") VALUES (?, ?, ?)[0m  [["created_at", "2021-06-03 14:52:02.859817"], ["updated_at", "2021-06-03 14:52:02.859817"], ["text", "test"]]
  ↳ app/controllers/meditations_controller.rb:14:in `create'
  [1m[36mTRANSACTION (2.5ms)[0m  [1m[36mcommit transaction[0m
  ↳ app/controllers/meditations_controller.rb:14:in `create'
Completed 200 OK in 12ms (Views: 0.7ms | ActiveRecord: 3.7ms | Allocations: 1926)


  [1m[35m (2.4ms)[0m  [1m[34mSELECT sqlite_version(*)[0m
  [1m[36mMeditation Load (0.5ms)[0m  [1m[34mSELECT "meditations".* FROM "meditations" /* loading for inspect */ LIMIT ?[0m  [["LIMIT", 11]]
  [1m[36mMeditation Destroy (2.4ms)[0m  [1m[31mDELETE FROM "meditations"[0m
  [1m[36mMeditation Load (0.4ms)[0m  [1m[34mSELECT "meditations".* FROM "meditations" /* loading for inspect */ LIMIT ?[0m  [["LIMIT", 11]]
Started POST "/meditations" for ::1 at 2021-06-03 11:16:30 -0400
  [1m[35m (1.1ms)[0m  [1m[34mSELECT sqlite_version(*)[0m
  [1m[35m (0.1ms)[0m  [1m[34mSELECT "schema_migrations"."version" FROM "schema_migrations" ORDER BY "schema_migrations"."version" ASC[0m
Processing by MeditationsController#create as JSON
  Parameters: {"text"=>"fd", "meditation"=>{"text"=>"fd"}}
  [1m[36mTRANSACTION (0.0ms)[0m  [1m[36mbegin transaction[0m
  ↳ app/controllers/meditations_controller.rb:14:in `create'
  [1m[36mMeditation Create (0.8ms)[0m  [1m[32mINSERT INTO "meditations" ("created_at", "updated_at", "text") VALUES (?, ?, ?)[0m  [["created_at", "2021-06-03 15:16:30.369880"], ["updated_at", "2021-06-03 15:16:30.369880"], ["text", "fd"]]
  ↳ app/controllers/meditations_controller.rb:14:in `create'
  [1m[36mTRANSACTION (1.0ms)[0m  [1m[36mcommit transaction[0m
  ↳ app/controllers/meditations_controller.rb:14:in `create'
Completed 200 OK in 21ms (Views: 0.3ms | ActiveRecord: 2.4ms | Allocations: 8959)


Started POST "/meditations" for ::1 at 2021-06-03 11:16:45 -0400
Processing by MeditationsController#create as JSON
  Parameters: {"text"=>"fd", "meditation"=>{"text"=>"fd"}}
  [1m[36mTRANSACTION (0.1ms)[0m  [1m[36mbegin transaction[0m
  ↳ app/controllers/meditations_controller.rb:14:in `create'
  [1m[36mMeditation Create (1.2ms)[0m  [1m[32mINSERT INTO "meditations" ("created_at", "updated_at", "text") VALUES (?, ?, ?)[0m  [["created_at", "2021-06-03 15:16:45.073906"], ["updated_at", "2021-06-03 15:16:45.073906"], ["text", "fd"]]
  ↳ app/controllers/meditations_controller.rb:14:in `create'
  [1m[36mTRANSACTION (1.7ms)[0m  [1m[36mcommit transaction[0m
  ↳ app/controllers/meditations_controller.rb:14:in `create'
Completed 200 OK in 27ms (Views: 0.8ms | ActiveRecord: 3.0ms | Allocations: 1996)


Started POST "/meditations" for ::1 at 2021-06-03 11:17:30 -0400
Processing by MeditationsController#create as JSON
  Parameters: {"text"=>"f", "meditation"=>{"text"=>"f"}}
  [1m[36mTRANSACTION (0.1ms)[0m  [1m[36mbegin transaction[0m
  ↳ app/controllers/meditations_controller.rb:14:in `create'
  [1m[36mMeditation Create (0.7ms)[0m  [1m[32mINSERT INTO "meditations" ("created_at", "updated_at", "text") VALUES (?, ?, ?)[0m  [["created_at", "2021-06-03 15:17:30.141028"], ["updated_at", "2021-06-03 15:17:30.141028"], ["text", "f"]]
  ↳ app/controllers/meditations_controller.rb:14:in `create'
  [1m[36mTRANSACTION (1.8ms)[0m  [1m[36mcommit transaction[0m
  ↳ app/controllers/meditations_controller.rb:14:in `create'
Completed 200 OK in 36ms (Views: 0.7ms | ActiveRecord: 2.6ms | Allocations: 1927)


  [1m[35m (5.0ms)[0m  [1m[34mSELECT sqlite_version(*)[0m
  [1m[36mMeditation Destroy (1.4ms)[0m  [1m[31mDELETE FROM "meditations"[0m
Started POST "/meditations" for ::1 at 2021-06-03 15:16:53 -0400
  [1m[35m (0.9ms)[0m  [1m[34mSELECT sqlite_version(*)[0m
  [1m[35m (0.2ms)[0m  [1m[34mSELECT "schema_migrations"."version" FROM "schema_migrations" ORDER BY "schema_migrations"."version" ASC[0m
Processing by MeditationsController#create as JSON
  Parameters: {"audio"=>{}, "meditation"=>{"audio"=>{}}}
[31mUnpermitted parameter: :audio[0m
  [1m[36mTRANSACTION (0.1ms)[0m  [1m[36mbegin transaction[0m
  ↳ app/controllers/meditations_controller.rb:14:in `create'
  [1m[36mMeditation Create (1.3ms)[0m  [1m[32mINSERT INTO "meditations" ("created_at", "updated_at") VALUES (?, ?)[0m  [["created_at", "2021-06-03 19:16:54.323270"], ["updated_at", "2021-06-03 19:16:54.323270"]]
  ↳ app/controllers/meditations_controller.rb:14:in `create'
  [1m[36mTRANSACTION (0.6ms)[0m  [1m[36mcommit transaction[0m
  ↳ app/controllers/meditations_controller.rb:14:in `create'
Completed 200 OK in 33ms (Views: 0.7ms | ActiveRecord: 2.3ms | Allocations: 10683)


  [1m[35m (1.2ms)[0m  [1m[34mSELECT sqlite_version(*)[0m
  [1m[36mMeditation Load (0.2ms)[0m  [1m[34mSELECT "meditations".* FROM "meditations" /* loading for inspect */ LIMIT ?[0m  [["LIMIT", 11]]
Started POST "/meditations" for ::1 at 2021-06-03 15:19:13 -0400
Processing by MeditationsController#create as JSON
  Parameters: {"audio"=>{}, "meditation"=>{"audio"=>{}}}
[31mUnpermitted parameter: :audio[0m
  [1m[36mTRANSACTION (0.2ms)[0m  [1m[36mbegin transaction[0m
  ↳ app/controllers/meditations_controller.rb:14:in `create'
  [1m[36mMeditation Create (0.6ms)[0m  [1m[32mINSERT INTO "meditations" ("created_at", "updated_at") VALUES (?, ?)[0m  [["created_at", "2021-06-03 19:19:13.475190"], ["updated_at", "2021-06-03 19:19:13.475190"]]
  ↳ app/controllers/meditations_controller.rb:14:in `create'
  [1m[36mTRANSACTION (1.5ms)[0m  [1m[36mcommit transaction[0m
  ↳ app/controllers/meditations_controller.rb:14:in `create'
Completed 200 OK in 26ms (Views: 0.5ms | ActiveRecord: 2.2ms | Allocations: 1950)


  [1m[35m (1.4ms)[0m  [1m[34mSELECT sqlite_version(*)[0m
  [1m[36mMeditation Load (0.1ms)[0m  [1m[34mSELECT "meditations".* FROM "meditations" /* loading for inspect */ LIMIT ?[0m  [["LIMIT", 11]]
  [1m[36mMeditation Destroy (2.7ms)[0m  [1m[31mDELETE FROM "meditations"[0m
Started POST "/meditations" for ::1 at 2021-06-03 15:20:18 -0400
  [1m[35m (1.4ms)[0m  [1m[34mSELECT sqlite_version(*)[0m
  [1m[35m (0.1ms)[0m  [1m[34mSELECT "schema_migrations"."version" FROM "schema_migrations" ORDER BY "schema_migrations"."version" ASC[0m
Processing by MeditationsController#create as JSON
  Parameters: {"audio"=>{}, "meditation"=>{"audio"=>{}}}
[31mUnpermitted parameter: :audio[0m
  [1m[36mTRANSACTION (0.0ms)[0m  [1m[36mbegin transaction[0m
  ↳ app/controllers/meditations_controller.rb:14:in `create'
  [1m[36mMeditation Create (0.8ms)[0m  [1m[32mINSERT INTO "meditations" ("created_at", "updated_at") VALUES (?, ?)[0m  [["created_at", "2021-06-03 19:20:18.594946"], ["updated_at", "2021-06-03 19:20:18.594946"]]
  ↳ app/controllers/meditations_controller.rb:14:in `create'
  [1m[36mTRANSACTION (1.0ms)[0m  [1m[36mcommit transaction[0m
  ↳ app/controllers/meditations_controller.rb:14:in `create'
Completed 200 OK in 14ms (Views: 0.6ms | ActiveRecord: 2.3ms | Allocations: 8952)


  [1m[35m (0.9ms)[0m  [1m[34mSELECT sqlite_version(*)[0m
  [1m[36mMeditation Load (0.1ms)[0m  [1m[34mSELECT "meditations".* FROM "meditations" /* loading for inspect */ LIMIT ?[0m  [["LIMIT", 11]]
  [1m[36mMeditation Load (0.4ms)[0m  [1m[34mSELECT "meditations".* FROM "meditations" ORDER BY "meditations"."id" ASC LIMIT ?[0m  [["LIMIT", 1]]
  [1m[36mMeditation Load (0.6ms)[0m  [1m[34mSELECT "meditations".* FROM "meditations" ORDER BY "meditations"."id" ASC LIMIT ?[0m  [["LIMIT", 1]]
  [1m[35m (1.1ms)[0m  [1m[34mSELECT sqlite_version(*)[0m
  [1m[35m (1.5ms)[0m  [1m[35mCREATE TABLE "schema_migrations" ("version" varchar NOT NULL PRIMARY KEY)[0m
  [1m[35m (0.7ms)[0m  [1m[35mCREATE TABLE "ar_internal_metadata" ("key" varchar NOT NULL PRIMARY KEY, "value" varchar, "created_at" datetime(6) NOT NULL, "updated_at" datetime(6) NOT NULL)[0m
  [1m[35m (0.1ms)[0m  [1m[34mSELECT "schema_migrations"."version" FROM "schema_migrations" ORDER BY "schema_migrations"."version" ASC[0m
Migrating to CreateMeditations (20210526212538)
  [1m[36mTRANSACTION (0.1ms)[0m  [1m[36mbegin transaction[0m
  [1m[35m (0.3ms)[0m  [1m[35mCREATE TABLE "meditations" ("id" integer PRIMARY KEY AUTOINCREMENT NOT NULL, "audio" varchar, "created_at" datetime(6) NOT NULL, "updated_at" datetime(6) NOT NULL)[0m
  [1m[36mActiveRecord::SchemaMigration Create (0.1ms)[0m  [1m[32mINSERT INTO "schema_migrations" ("version") VALUES (?)[0m  [["version", "20210526212538"]]
  [1m[36mTRANSACTION (0.6ms)[0m  [1m[36mcommit transaction[0m
Migrating to CreateComments (20210526213314)
  [1m[36mTRANSACTION (0.0ms)[0m  [1m[36mbegin transaction[0m
  [1m[35m (0.3ms)[0m  [1m[35mCREATE TABLE "comments" ("id" integer PRIMARY KEY AUTOINCREMENT NOT NULL, "content" text, "created_at" datetime(6) NOT NULL, "updated_at" datetime(6) NOT NULL)[0m
  [1m[36mActiveRecord::SchemaMigration Create (0.1ms)[0m  [1m[32mINSERT INTO "schema_migrations" ("version") VALUES (?)[0m  [["version", "20210526213314"]]
  [1m[36mTRANSACTION (0.5ms)[0m  [1m[36mcommit transaction[0m
Migrating to AddMeditationIdToComments (20210527140228)
  [1m[36mTRANSACTION (0.0ms)[0m  [1m[36mbegin transaction[0m
  [1m[35m (0.3ms)[0m  [1m[35mALTER TABLE "comments" ADD "meditation_id" integer[0m
  [1m[35m (0.1ms)[0m  [1m[35mCREATE INDEX "index_comments_on_meditation_id" ON "comments" ("meditation_id")[0m
  [1m[36mActiveRecord::SchemaMigration Create (0.1ms)[0m  [1m[32mINSERT INTO "schema_migrations" ("version") VALUES (?)[0m  [["version", "20210527140228"]]
  [1m[36mTRANSACTION (0.4ms)[0m  [1m[36mcommit transaction[0m
Migrating to AddAuthorAndTitleToMeditations (20210527181207)
  [1m[36mTRANSACTION (0.0ms)[0m  [1m[36mbegin transaction[0m
  [1m[35m (0.3ms)[0m  [1m[35mALTER TABLE "meditations" ADD "title" varchar[0m
  [1m[35m (0.1ms)[0m  [1m[35mALTER TABLE "meditations" ADD "author" varchar[0m
  [1m[36mActiveRecord::SchemaMigration Create (0.1ms)[0m  [1m[32mINSERT INTO "schema_migrations" ("version") VALUES (?)[0m  [["version", "20210527181207"]]
  [1m[36mTRANSACTION (0.6ms)[0m  [1m[36mcommit transaction[0m
Migrating to CreateActiveStorageTables (20210527191906)
  [1m[36mTRANSACTION (0.0ms)[0m  [1m[36mbegin transaction[0m
  [1m[35m (0.3ms)[0m  [1m[35mCREATE TABLE "active_storage_blobs" ("id" integer PRIMARY KEY AUTOINCREMENT NOT NULL, "key" varchar NOT NULL, "filename" varchar NOT NULL, "content_type" varchar, "metadata" text, "service_name" varchar NOT NULL, "byte_size" bigint NOT NULL, "checksum" varchar NOT NULL, "created_at" datetime NOT NULL)[0m
  [1m[35m (0.1ms)[0m  [1m[35mCREATE UNIQUE INDEX "index_active_storage_blobs_on_key" ON "active_storage_blobs" ("key")[0m
  [1m[35m (0.1ms)[0m  [1m[35mCREATE TABLE "active_storage_attachments" ("id" integer PRIMARY KEY AUTOINCREMENT NOT NULL, "name" varchar NOT NULL, "record_type" varchar NOT NULL, "record_id" integer NOT NULL, "blob_id" integer NOT NULL, "created_at" datetime NOT NULL, CONSTRAINT "fk_rails_c3b3935057"
FOREIGN KEY ("blob_id")
  REFERENCES "active_storage_blobs" ("id")
)[0m
  [1m[35m (0.1ms)[0m  [1m[35mCREATE INDEX "index_active_storage_attachments_on_blob_id" ON "active_storage_attachments" ("blob_id")[0m
  [1m[35m (0.1ms)[0m  [1m[35mCREATE UNIQUE INDEX "index_active_storage_attachments_uniqueness" ON "active_storage_attachments" ("record_type", "record_id", "name", "blob_id")[0m
  [1m[35m (0.1ms)[0m  [1m[35mCREATE TABLE "active_storage_variant_records" ("id" integer PRIMARY KEY AUTOINCREMENT NOT NULL, "blob_id" integer NOT NULL, "variation_digest" varchar NOT NULL, CONSTRAINT "fk_rails_993965df05"
FOREIGN KEY ("blob_id")
  REFERENCES "active_storage_blobs" ("id")
)[0m
  [1m[35m (0.1ms)[0m  [1m[35mCREATE UNIQUE INDEX "index_active_storage_variant_records_uniqueness" ON "active_storage_variant_records" ("blob_id", "variation_digest")[0m
  [1m[36mActiveRecord::SchemaMigration Create (0.3ms)[0m  [1m[32mINSERT INTO "schema_migrations" ("version") VALUES (?)[0m  [["version", "20210527191906"]]
  [1m[36mTRANSACTION (0.6ms)[0m  [1m[36mcommit transaction[0m
Migrating to AddTextToMeditation (20210603013142)
  [1m[36mTRANSACTION (0.1ms)[0m  [1m[36mbegin transaction[0m
  [1m[35m (0.5ms)[0m  [1m[35mALTER TABLE "meditations" ADD "text" text[0m
  [1m[36mActiveRecord::SchemaMigration Create (0.6ms)[0m  [1m[32mINSERT INTO "schema_migrations" ("version") VALUES (?)[0m  [["version", "20210603013142"]]
  [1m[36mTRANSACTION (3.7ms)[0m  [1m[36mcommit transaction[0m
  [1m[36mActiveRecord::InternalMetadata Load (0.2ms)[0m  [1m[34mSELECT "ar_internal_metadata".* FROM "ar_internal_metadata" WHERE "ar_internal_metadata"."key" = ? LIMIT ?[0m  [["key", "environment"], ["LIMIT", 1]]
  [1m[36mTRANSACTION (0.0ms)[0m  [1m[36mbegin transaction[0m
  [1m[36mActiveRecord::InternalMetadata Create (0.3ms)[0m  [1m[32mINSERT INTO "ar_internal_metadata" ("key", "value", "created_at", "updated_at") VALUES (?, ?, ?, ?)[0m  [["key", "environment"], ["value", "development"], ["created_at", "2021-06-03 19:27:04.993880"], ["updated_at", "2021-06-03 19:27:04.993880"]]
  [1m[36mTRANSACTION (1.0ms)[0m  [1m[36mcommit transaction[0m
  [1m[35m (0.0ms)[0m  [1m[34mSELECT sqlite_version(*)[0m
  [1m[35m (0.1ms)[0m  [1m[34mSELECT "schema_migrations"."version" FROM "schema_migrations" ORDER BY "schema_migrations"."version" ASC[0m
Started POST "/meditations" for ::1 at 2021-06-03 15:34:45 -0400
  [1m[35m (1.2ms)[0m  [1m[34mSELECT sqlite_version(*)[0m
  [1m[35m (0.1ms)[0m  [1m[34mSELECT "schema_migrations"."version" FROM "schema_migrations" ORDER BY "schema_migrations"."version" ASC[0m
Processing by MeditationsController#create as JSON
  Parameters: {"audio"=>{}, "meditation"=>{"audio"=>{}}}
[31mUnpermitted parameter: :audio[0m
Completed 500 Internal Server Error in 228054ms (ActiveRecord: 0.3ms | Allocations: 58269)


  
Errno::EIO (Input/output error - read):
  
app/controllers/meditations_controller.rb:14:in `create'
